<?xml version="1.0" encoding="UTF-8" standalone="yes"?><!DOCTYPE report PUBLIC "-//JACOCO//DTD Report 1.1//EN" "report.dtd"><report name="follows_service"><sessioninfo id="DESKTOP-NS6POVE-1cb4961f" start="1744837798964" dump="1744837800318"/><package name="com/pibbletv/follows_service/persistance/entities"><class name="com/pibbletv/follows_service/persistance/entities/FollowingEntity$FollowingEntityBuilder" sourcefilename="FollowingEntity.java"/><class name="com/pibbletv/follows_service/persistance/entities/FollowingEntity" sourcefilename="FollowingEntity.java"/><sourcefile name="FollowingEntity.java"/></package><package name="com/pibbletv/follows_service/business/implementations"><class name="com/pibbletv/follows_service/business/implementations/FollowingServiceImpl" sourcefilename="FollowingServiceImpl.java"/><sourcefile name="FollowingServiceImpl.java"/></package><package name="com/pibbletv/follows_service/business/interfaces"><class name="com/pibbletv/follows_service/business/interfaces/FollowingService" sourcefilename="FollowingService.java"/><sourcefile name="FollowingService.java"/></package><package name="com/pibbletv/follows_service"><class name="com/pibbletv/follows_service/FollowsServiceApplication" sourcefilename="FollowsServiceApplication.java"><method name="&lt;init&gt;" desc="()V" line="7"><counter type="INSTRUCTION" missed="3" covered="0"/><counter type="LINE" missed="1" covered="0"/><counter type="COMPLEXITY" missed="1" covered="0"/><counter type="METHOD" missed="1" covered="0"/></method><method name="main" desc="([Ljava/lang/String;)V" line="10"><counter type="INSTRUCTION" missed="5" covered="0"/><counter type="LINE" missed="2" covered="0"/><counter type="COMPLEXITY" missed="1" covered="0"/><counter type="METHOD" missed="1" covered="0"/></method><counter type="INSTRUCTION" missed="8" covered="0"/><counter type="LINE" missed="3" covered="0"/><counter type="COMPLEXITY" missed="2" covered="0"/><counter type="METHOD" missed="2" covered="0"/><counter type="CLASS" missed="1" covered="0"/></class><sourcefile name="FollowsServiceApplication.java"><line nr="7" mi="3" ci="0" mb="0" cb="0"/><line nr="10" mi="4" ci="0" mb="0" cb="0"/><line nr="11" mi="1" ci="0" mb="0" cb="0"/><counter type="INSTRUCTION" missed="8" covered="0"/><counter type="LINE" missed="3" covered="0"/><counter type="COMPLEXITY" missed="2" covered="0"/><counter type="METHOD" missed="2" covered="0"/><counter type="CLASS" missed="1" covered="0"/></sourcefile><counter type="INSTRUCTION" missed="8" covered="0"/><counter type="LINE" missed="3" covered="0"/><counter type="COMPLEXITY" missed="2" covered="0"/><counter type="METHOD" missed="2" covered="0"/><counter type="CLASS" missed="1" covered="0"/></package><package name="com/pibbletv/follows_service/controller"><class name="com/pibbletv/follows_service/controller/FollowingController" sourcefilename="FollowingController.java"/><sourcefile name="FollowingController.java"/></package><package name="com/pibbletv/follows_service/business/converters"><class name="com/pibbletv/follows_service/business/converters/FollowingConverter" sourcefilename="FollowingConverter.java"><method name="&lt;init&gt;" desc="()V" line="8"><counter type="INSTRUCTION" missed="7" covered="0"/><counter type="LINE" missed="2" covered="0"/><counter type="COMPLEXITY" missed="1" covered="0"/><counter type="METHOD" missed="1" covered="0"/></method><method name="convertToObject" desc="(Lcom/pibbletv/follows_service/persistance/entities/FollowingEntity;)Lcom/pibbletv/follows_service/domain/Following;" line="13"><counter type="INSTRUCTION" missed="16" covered="0"/><counter type="BRANCH" missed="2" covered="0"/><counter type="LINE" missed="6" covered="0"/><counter type="COMPLEXITY" missed="2" covered="0"/><counter type="METHOD" missed="1" covered="0"/></method><method name="convertToEntity" desc="(Lcom/pibbletv/follows_service/domain/Following;)Lcom/pibbletv/follows_service/persistance/entities/FollowingEntity;" line="23"><counter type="INSTRUCTION" missed="16" covered="0"/><counter type="BRANCH" missed="2" covered="0"/><counter type="LINE" missed="6" covered="0"/><counter type="COMPLEXITY" missed="2" covered="0"/><counter type="METHOD" missed="1" covered="0"/></method><counter type="INSTRUCTION" missed="39" covered="0"/><counter type="BRANCH" missed="4" covered="0"/><counter type="LINE" missed="14" covered="0"/><counter type="COMPLEXITY" missed="5" covered="0"/><counter type="METHOD" missed="3" covered="0"/><counter type="CLASS" missed="1" covered="0"/></class><sourcefile name="FollowingConverter.java"><line nr="8" mi="2" ci="0" mb="0" cb="0"/><line nr="9" mi="5" ci="0" mb="0" cb="0"/><line nr="13" mi="4" ci="0" mb="2" cb="0"/><line nr="15" mi="3" ci="0" mb="0" cb="0"/><line nr="16" mi="3" ci="0" mb="0" cb="0"/><line nr="17" mi="3" ci="0" mb="0" cb="0"/><line nr="18" mi="2" ci="0" mb="0" cb="0"/><line nr="19" mi="1" ci="0" mb="0" cb="0"/><line nr="23" mi="4" ci="0" mb="2" cb="0"/><line nr="25" mi="3" ci="0" mb="0" cb="0"/><line nr="26" mi="3" ci="0" mb="0" cb="0"/><line nr="27" mi="3" ci="0" mb="0" cb="0"/><line nr="28" mi="2" ci="0" mb="0" cb="0"/><line nr="29" mi="1" ci="0" mb="0" cb="0"/><counter type="INSTRUCTION" missed="39" covered="0"/><counter type="BRANCH" missed="4" covered="0"/><counter type="LINE" missed="14" covered="0"/><counter type="COMPLEXITY" missed="5" covered="0"/><counter type="METHOD" missed="3" covered="0"/><counter type="CLASS" missed="1" covered="0"/></sourcefile><counter type="INSTRUCTION" missed="39" covered="0"/><counter type="BRANCH" missed="4" covered="0"/><counter type="LINE" missed="14" covered="0"/><counter type="COMPLEXITY" missed="5" covered="0"/><counter type="METHOD" missed="3" covered="0"/><counter type="CLASS" missed="1" covered="0"/></package><package name="com/pibbletv/follows_service/domain"><class name="com/pibbletv/follows_service/domain/Following" sourcefilename="Following.java"/><class name="com/pibbletv/follows_service/domain/Following$FollowingBuilder" sourcefilename="Following.java"/><sourcefile name="Following.java"/></package><package name="com/pibbletv/follows_service/persistance/repository"><class name="com/pibbletv/follows_service/persistance/repository/FollowingRepository" sourcefilename="FollowingRepository.java"/><sourcefile name="FollowingRepository.java"/></package><counter type="INSTRUCTION" missed="47" covered="0"/><counter type="BRANCH" missed="4" covered="0"/><counter type="LINE" missed="17" covered="0"/><counter type="COMPLEXITY" missed="7" covered="0"/><counter type="METHOD" missed="5" covered="0"/><counter type="CLASS" missed="2" covered="0"/></report>